<?xml version="1.0" encoding="UTF-8"?>
<!-- Generated by org.testng.reporters.JUnitReportReporter -->
<testsuite hostname="Venkatas-Mini.lan" failures="0" tests="2" name="testrunner.testRunner$TestRunner" time="6.915" errors="0" timestamp="2023-07-22T20:27:24 EDT" skipped="0">
  <testcase classname="testrunner.testRunner$TestRunner" name="runScenario" time="1.016"/>
  <testcase classname="testrunner.testRunner$TestRunner" name="runScenario" time="5.899"/>
</testsuite> <!-- testrunner.testRunner$TestRunner -->
