<?xml version="1.0" encoding="UTF-8"?>
<!-- Generated by org.testng.reporters.JUnitReportReporter -->
<testsuite hostname="Venkatas-Mini.lan" failures="0" tests="8" name="testrunner.testRunner$TestRunner" time="9.638" errors="0" timestamp="2023-07-24T19:40:26 EDT" skipped="0">
  <testcase classname="testrunner.testRunner$TestRunner" name="runScenario" time="6.417"/>
  <testcase classname="testrunner.testRunner$TestRunner" name="runScenario" time="0.321"/>
  <testcase classname="testrunner.testRunner$TestRunner" name="runScenario" time="0.319"/>
  <testcase classname="testrunner.testRunner$TestRunner" name="runScenario" time="0.574"/>
  <testcase classname="testrunner.testRunner$TestRunner" name="runScenario" time="0.310"/>
  <testcase classname="testrunner.testRunner$TestRunner" name="runScenario" time="0.344"/>
  <testcase classname="testrunner.testRunner$TestRunner" name="runScenario" time="0.666"/>
  <testcase classname="testrunner.testRunner$TestRunner" name="runScenario" time="0.687"/>
</testsuite> <!-- testrunner.testRunner$TestRunner -->
